0 info it worked if it ends with ok
1 verbose cli [ '/usr/bin/nodejs', '/usr/bin/npm', 'install', '-g', 'mocha' ]
2 info using npm@1.3.10
3 info using node@v0.10.25
4 verbose cache add [ 'mocha', null ]
5 verbose cache add name=undefined spec="mocha" args=["mocha",null]
6 verbose parsed url { protocol: null,
6 verbose parsed url   slashes: null,
6 verbose parsed url   auth: null,
6 verbose parsed url   host: null,
6 verbose parsed url   port: null,
6 verbose parsed url   hostname: null,
6 verbose parsed url   hash: null,
6 verbose parsed url   search: null,
6 verbose parsed url   query: null,
6 verbose parsed url   pathname: 'mocha',
6 verbose parsed url   path: 'mocha',
6 verbose parsed url   href: 'mocha' }
7 silly lockFile a619da43-mocha mocha
8 verbose lock mocha /home/ragingwind/.npm/a619da43-mocha.lock
9 silly lockFile a619da43-mocha mocha
10 silly lockFile a619da43-mocha mocha
11 verbose addNamed [ 'mocha', '' ]
12 verbose addNamed [ null, '*' ]
13 silly lockFile b9899f31-mocha mocha@
14 verbose lock mocha@ /home/ragingwind/.npm/b9899f31-mocha.lock
15 silly addNameRange { name: 'mocha', range: '*', hasData: false }
16 verbose url raw mocha
17 verbose url resolving [ 'https://registry.npmjs.org/', './mocha' ]
18 verbose url resolved https://registry.npmjs.org/mocha
19 info trying registry request attempt 1 at 09:56:29
20 http GET https://registry.npmjs.org/mocha
21 http 200 https://registry.npmjs.org/mocha
22 silly registry.get cb [ 200,
22 silly registry.get   { server: 'CouchDB/1.5.0 (Erlang OTP/R16B03)',
22 silly registry.get     etag: '"CGZTDDVEB7Z9Y1A72STPKVCZJ"',
22 silly registry.get     'content-type': 'application/json',
22 silly registry.get     'cache-control': 'max-age=60',
22 silly registry.get     'content-length': '112688',
22 silly registry.get     'accept-ranges': 'bytes',
22 silly registry.get     date: 'Fri, 22 May 2015 00:56:29 GMT',
22 silly registry.get     via: '1.1 varnish',
22 silly registry.get     age: '52',
22 silly registry.get     connection: 'keep-alive',
22 silly registry.get     'x-served-by': 'cache-nrt6135-NRT',
22 silly registry.get     'x-cache': 'HIT',
22 silly registry.get     'x-cache-hits': '2',
22 silly registry.get     'x-timer': 'S1432256189.331003,VS0,VE0',
22 silly registry.get     vary: 'Accept' } ]
23 silly addNameRange number 2 { name: 'mocha', range: '*', hasData: true }
24 silly addNameRange versions [ 'mocha',
24 silly addNameRange   [ '0.0.1-alpha1',
24 silly addNameRange     '0.0.1-alpha2',
24 silly addNameRange     '0.0.1-alpha3',
24 silly addNameRange     '0.0.1-alpha4',
24 silly addNameRange     '0.0.1-alpha5',
24 silly addNameRange     '0.0.1-alpha6',
24 silly addNameRange     '0.0.1',
24 silly addNameRange     '0.0.2',
24 silly addNameRange     '0.0.3',
24 silly addNameRange     '0.0.4',
24 silly addNameRange     '0.0.5',
24 silly addNameRange     '0.0.6',
24 silly addNameRange     '0.0.7',
24 silly addNameRange     '0.0.8',
24 silly addNameRange     '0.1.0',
24 silly addNameRange     '0.2.0',
24 silly addNameRange     '0.3.0',
24 silly addNameRange     '0.3.1',
24 silly addNameRange     '0.3.2',
24 silly addNameRange     '0.3.3',
24 silly addNameRange     '0.3.4',
24 silly addNameRange     '0.3.6',
24 silly addNameRange     '0.4.0',
24 silly addNameRange     '0.5.0',
24 silly addNameRange     '0.6.0',
24 silly addNameRange     '0.7.0',
24 silly addNameRange     '0.7.1',
24 silly addNameRange     '0.8.0',
24 silly addNameRange     '0.8.1',
24 silly addNameRange     '0.9.0',
24 silly addNameRange     '0.10.0',
24 silly addNameRange     '0.10.1',
24 silly addNameRange     '0.10.2',
24 silly addNameRange     '0.11.0',
24 silly addNameRange     '0.12.0',
24 silly addNameRange     '0.12.1',
24 silly addNameRange     '0.13.0',
24 silly addNameRange     '0.14.0',
24 silly addNameRange     '0.14.1',
24 silly addNameRange     '1.0.0',
24 silly addNameRange     '1.0.1',
24 silly addNameRange     '1.0.2',
24 silly addNameRange     '1.0.3',
24 silly addNameRange     '1.1.0',
24 silly addNameRange     '1.2.0',
24 silly addNameRange     '1.2.1',
24 silly addNameRange     '1.2.2',
24 silly addNameRange     '1.3.0',
24 silly addNameRange     '1.3.1',
24 silly addNameRange     '1.3.2',
24 silly addNameRange     '1.4.0',
24 silly addNameRange     '1.4.1',
24 silly addNameRange     '1.4.2',
24 silly addNameRange     '1.4.3',
24 silly addNameRange     '1.5.0',
24 silly addNameRange     '1.6.0',
24 silly addNameRange     '1.7.0',
24 silly addNameRange     '1.7.1',
24 silly addNameRange     '1.7.2',
24 silly addNameRange     '1.7.3',
24 silly addNameRange     '1.7.4',
24 silly addNameRange     '1.8.0',
24 silly addNameRange     '1.8.1',
24 silly addNameRange     '1.8.2',
24 silly addNameRange     '1.9.0',
24 silly addNameRange     '1.10.0',
24 silly addNameRange     '1.11.0',
24 silly addNameRange     '1.12.0',
24 silly addNameRange     '1.12.1',
24 silly addNameRange     '1.13.0',
24 silly addNameRange     '1.14.0',
24 silly addNameRange     '1.15.0',
24 silly addNameRange     '1.15.1',
24 silly addNameRange     '1.16.0',
24 silly addNameRange     '1.16.1',
24 silly addNameRange     '1.16.2',
24 silly addNameRange     '1.17.0',
24 silly addNameRange     '1.17.1',
24 silly addNameRange     '1.18.0',
24 silly addNameRange     '1.18.1',
24 silly addNameRange     '1.18.2',
24 silly addNameRange     '1.19.0',
24 silly addNameRange     '1.20.0',
24 silly addNameRange     '1.20.1',
24 silly addNameRange     '1.21.0',
24 silly addNameRange     '1.21.1',
24 silly addNameRange     '1.21.2',
24 silly addNameRange     '1.21.3',
24 silly addNameRange     '1.21.4',
24 silly addNameRange     '1.21.5',
24 silly addNameRange     '2.0.0',
24 silly addNameRange     '2.0.1',
24 silly addNameRange     '2.1.0',
24 silly addNameRange     '2.2.0',
24 silly addNameRange     '2.2.1',
24 silly addNameRange     '2.2.3',
24 silly addNameRange     '2.2.4',
24 silly addNameRange     '2.2.5' ] ]
25 verbose addNamed [ 'mocha', '2.2.5' ]
26 verbose addNamed [ '2.2.5', '2.2.5' ]
27 silly lockFile 7cbd0d39-mocha-2-2-5 mocha@2.2.5
28 verbose lock mocha@2.2.5 /home/ragingwind/.npm/7cbd0d39-mocha-2-2-5.lock
29 silly lockFile 0c535a9d--npmjs-org-mocha-mocha-2-2-5-tgz https://registry.npmjs.org/mocha/-/mocha-2.2.5.tgz
30 verbose lock https://registry.npmjs.org/mocha/-/mocha-2.2.5.tgz /home/ragingwind/.npm/0c535a9d--npmjs-org-mocha-mocha-2-2-5-tgz.lock
31 verbose addRemoteTarball [ 'https://registry.npmjs.org/mocha/-/mocha-2.2.5.tgz',
31 verbose addRemoteTarball   'd3b72a4fe49ec9439353f1ac893dbc430d993140' ]
32 info retry fetch attempt 1 at 09:56:30
33 verbose fetch to= /home/ragingwind/tmp/npm-22445-Zpysas4P/1432256190039-0.16668362659402192/tmp.tgz
34 http GET https://registry.npmjs.org/mocha/-/mocha-2.2.5.tgz
35 http 200 https://registry.npmjs.org/mocha/-/mocha-2.2.5.tgz
36 verbose tar unpack /home/ragingwind/tmp/npm-22445-Zpysas4P/1432256190039-0.16668362659402192/tmp.tgz
37 silly lockFile 5e74317c-0039-0-16668362659402192-package tar:///home/ragingwind/tmp/npm-22445-Zpysas4P/1432256190039-0.16668362659402192/package
38 verbose lock tar:///home/ragingwind/tmp/npm-22445-Zpysas4P/1432256190039-0.16668362659402192/package /home/ragingwind/.npm/5e74317c-0039-0-16668362659402192-package.lock
39 silly lockFile 19f7867a-0039-0-16668362659402192-tmp-tgz tar:///home/ragingwind/tmp/npm-22445-Zpysas4P/1432256190039-0.16668362659402192/tmp.tgz
40 verbose lock tar:///home/ragingwind/tmp/npm-22445-Zpysas4P/1432256190039-0.16668362659402192/tmp.tgz /home/ragingwind/.npm/19f7867a-0039-0-16668362659402192-tmp-tgz.lock
41 silly gunzTarPerm modes [ '755', '644' ]
42 silly gunzTarPerm extractEntry package.json
43 silly gunzTarPerm modified mode [ 'package.json', 388, 420 ]
44 silly gunzTarPerm extractEntry README.md
45 silly gunzTarPerm modified mode [ 'README.md', 388, 420 ]
46 silly gunzTarPerm extractEntry LICENSE
47 silly gunzTarPerm modified mode [ 'LICENSE', 388, 420 ]
48 silly gunzTarPerm extractEntry index.js
49 silly gunzTarPerm modified mode [ 'index.js', 388, 420 ]
50 silly gunzTarPerm extractEntry mocha.js
51 silly gunzTarPerm modified mode [ 'mocha.js', 388, 420 ]
52 silly gunzTarPerm extractEntry bin/options.js
53 silly gunzTarPerm extractEntry bin/_mocha
54 silly gunzTarPerm modified mode [ 'bin/_mocha', 453, 485 ]
55 silly gunzTarPerm extractEntry bin/mocha
56 silly gunzTarPerm modified mode [ 'bin/mocha', 453, 485 ]
57 silly gunzTarPerm extractEntry images/error.png
58 silly gunzTarPerm modified mode [ 'images/error.png', 388, 420 ]
59 silly gunzTarPerm extractEntry images/ok.png
60 silly gunzTarPerm modified mode [ 'images/ok.png', 388, 420 ]
61 silly gunzTarPerm extractEntry lib/utils.js
62 silly gunzTarPerm modified mode [ 'lib/utils.js', 388, 420 ]
63 silly gunzTarPerm extractEntry lib/hook.js
64 silly gunzTarPerm modified mode [ 'lib/hook.js', 388, 420 ]
65 silly gunzTarPerm extractEntry lib/mocha.js
66 silly gunzTarPerm modified mode [ 'lib/mocha.js', 388, 420 ]
67 silly gunzTarPerm extractEntry lib/ms.js
68 silly gunzTarPerm modified mode [ 'lib/ms.js', 388, 420 ]
69 silly gunzTarPerm extractEntry lib/pending.js
70 silly gunzTarPerm modified mode [ 'lib/pending.js', 388, 420 ]
71 silly gunzTarPerm extractEntry lib/context.js
72 silly gunzTarPerm modified mode [ 'lib/context.js', 388, 420 ]
73 silly gunzTarPerm extractEntry lib/runnable.js
74 silly gunzTarPerm modified mode [ 'lib/runnable.js', 388, 420 ]
75 silly gunzTarPerm extractEntry lib/runner.js
76 silly gunzTarPerm modified mode [ 'lib/runner.js', 388, 420 ]
77 silly gunzTarPerm extractEntry lib/suite.js
78 silly gunzTarPerm modified mode [ 'lib/suite.js', 388, 420 ]
79 silly gunzTarPerm extractEntry lib/test.js
80 silly gunzTarPerm modified mode [ 'lib/test.js', 388, 420 ]
81 silly gunzTarPerm extractEntry lib/browser/debug.js
82 silly gunzTarPerm modified mode [ 'lib/browser/debug.js', 388, 420 ]
83 silly gunzTarPerm extractEntry lib/browser/escape-string-regexp.js
84 silly gunzTarPerm modified mode [ 'lib/browser/escape-string-regexp.js', 388, 420 ]
85 silly gunzTarPerm extractEntry lib/browser/events.js
86 silly gunzTarPerm modified mode [ 'lib/browser/events.js', 388, 420 ]
87 silly gunzTarPerm extractEntry lib/browser/fs.js
88 silly gunzTarPerm modified mode [ 'lib/browser/fs.js', 388, 420 ]
89 silly gunzTarPerm extractEntry lib/browser/glob.js
90 silly gunzTarPerm modified mode [ 'lib/browser/glob.js', 388, 420 ]
91 silly gunzTarPerm extractEntry lib/browser/path.js
92 silly gunzTarPerm modified mode [ 'lib/browser/path.js', 388, 420 ]
93 silly gunzTarPerm extractEntry lib/browser/progress.js
94 silly gunzTarPerm modified mode [ 'lib/browser/progress.js', 388, 420 ]
95 silly gunzTarPerm extractEntry lib/browser/tty.js
96 silly gunzTarPerm modified mode [ 'lib/browser/tty.js', 388, 420 ]
97 silly gunzTarPerm extractEntry lib/template.html
98 silly gunzTarPerm modified mode [ 'lib/template.html', 388, 420 ]
99 silly gunzTarPerm extractEntry lib/interfaces/bdd.js
100 silly gunzTarPerm modified mode [ 'lib/interfaces/bdd.js', 388, 420 ]
101 silly gunzTarPerm extractEntry lib/interfaces/common.js
102 silly gunzTarPerm modified mode [ 'lib/interfaces/common.js', 388, 420 ]
103 silly gunzTarPerm extractEntry lib/interfaces/exports.js
104 silly gunzTarPerm modified mode [ 'lib/interfaces/exports.js', 388, 420 ]
105 silly gunzTarPerm extractEntry lib/interfaces/index.js
106 silly gunzTarPerm modified mode [ 'lib/interfaces/index.js', 388, 420 ]
107 silly gunzTarPerm extractEntry lib/interfaces/qunit.js
108 silly gunzTarPerm modified mode [ 'lib/interfaces/qunit.js', 388, 420 ]
109 silly gunzTarPerm extractEntry lib/interfaces/tdd.js
110 silly gunzTarPerm modified mode [ 'lib/interfaces/tdd.js', 388, 420 ]
111 silly gunzTarPerm extractEntry lib/reporters/base.js
112 silly gunzTarPerm modified mode [ 'lib/reporters/base.js', 388, 420 ]
113 silly gunzTarPerm extractEntry lib/reporters/index.js
114 silly gunzTarPerm modified mode [ 'lib/reporters/index.js', 388, 420 ]
115 silly gunzTarPerm extractEntry lib/reporters/json-cov.js
116 silly gunzTarPerm modified mode [ 'lib/reporters/json-cov.js', 388, 420 ]
117 silly gunzTarPerm extractEntry lib/reporters/json-stream.js
118 silly gunzTarPerm modified mode [ 'lib/reporters/json-stream.js', 388, 420 ]
119 silly gunzTarPerm extractEntry lib/reporters/json.js
120 silly gunzTarPerm modified mode [ 'lib/reporters/json.js', 388, 420 ]
121 silly gunzTarPerm extractEntry lib/reporters/html.js
122 silly gunzTarPerm extractEntry lib/reporters/list.js
123 silly gunzTarPerm modified mode [ 'lib/reporters/list.js', 388, 420 ]
124 silly gunzTarPerm extractEntry lib/reporters/markdown.js
125 silly gunzTarPerm modified mode [ 'lib/reporters/markdown.js', 388, 420 ]
126 silly gunzTarPerm extractEntry lib/reporters/min.js
127 silly gunzTarPerm modified mode [ 'lib/reporters/min.js', 388, 420 ]
128 silly gunzTarPerm extractEntry lib/reporters/nyan.js
129 silly gunzTarPerm modified mode [ 'lib/reporters/nyan.js', 388, 420 ]
130 silly gunzTarPerm extractEntry lib/reporters/progress.js
131 silly gunzTarPerm modified mode [ 'lib/reporters/progress.js', 388, 420 ]
132 silly gunzTarPerm extractEntry lib/reporters/html-cov.js
133 silly gunzTarPerm modified mode [ 'lib/reporters/html-cov.js', 388, 420 ]
134 silly gunzTarPerm extractEntry lib/reporters/spec.js
135 silly gunzTarPerm modified mode [ 'lib/reporters/spec.js', 388, 420 ]
136 silly gunzTarPerm extractEntry lib/reporters/dot.js
137 silly gunzTarPerm modified mode [ 'lib/reporters/dot.js', 388, 420 ]
138 silly gunzTarPerm extractEntry lib/reporters/tap.js
139 silly gunzTarPerm modified mode [ 'lib/reporters/tap.js', 388, 420 ]
140 silly gunzTarPerm extractEntry lib/reporters/doc.js
141 silly gunzTarPerm modified mode [ 'lib/reporters/doc.js', 388, 420 ]
142 silly gunzTarPerm extractEntry lib/reporters/xunit.js
143 silly gunzTarPerm modified mode [ 'lib/reporters/xunit.js', 388, 420 ]
144 silly gunzTarPerm extractEntry lib/reporters/landing.js
145 silly gunzTarPerm modified mode [ 'lib/reporters/landing.js', 388, 420 ]
146 silly gunzTarPerm extractEntry lib/reporters/templates/coverage.jade
147 silly gunzTarPerm modified mode [ 'lib/reporters/templates/coverage.jade', 388, 420 ]
148 silly gunzTarPerm extractEntry lib/reporters/templates/menu.jade
149 silly gunzTarPerm modified mode [ 'lib/reporters/templates/menu.jade', 388, 420 ]
150 silly gunzTarPerm extractEntry lib/reporters/templates/script.html
151 silly gunzTarPerm modified mode [ 'lib/reporters/templates/script.html', 388, 420 ]
152 silly gunzTarPerm extractEntry lib/reporters/templates/style.html
153 silly gunzTarPerm modified mode [ 'lib/reporters/templates/style.html', 388, 420 ]
154 silly gunzTarPerm extractEntry mocha.css
155 silly gunzTarPerm modified mode [ 'mocha.css', 388, 420 ]
156 silly lockFile 5e74317c-0039-0-16668362659402192-package tar:///home/ragingwind/tmp/npm-22445-Zpysas4P/1432256190039-0.16668362659402192/package
157 silly lockFile 5e74317c-0039-0-16668362659402192-package tar:///home/ragingwind/tmp/npm-22445-Zpysas4P/1432256190039-0.16668362659402192/package
158 silly lockFile 19f7867a-0039-0-16668362659402192-tmp-tgz tar:///home/ragingwind/tmp/npm-22445-Zpysas4P/1432256190039-0.16668362659402192/tmp.tgz
159 silly lockFile 19f7867a-0039-0-16668362659402192-tmp-tgz tar:///home/ragingwind/tmp/npm-22445-Zpysas4P/1432256190039-0.16668362659402192/tmp.tgz
160 verbose tar pack [ '/home/ragingwind/.npm/mocha/2.2.5/package.tgz',
160 verbose tar pack   '/home/ragingwind/tmp/npm-22445-Zpysas4P/1432256190039-0.16668362659402192/package' ]
161 verbose tarball /home/ragingwind/.npm/mocha/2.2.5/package.tgz
162 verbose folder /home/ragingwind/tmp/npm-22445-Zpysas4P/1432256190039-0.16668362659402192/package
163 silly lockFile 5e74317c-0039-0-16668362659402192-package tar:///home/ragingwind/tmp/npm-22445-Zpysas4P/1432256190039-0.16668362659402192/package
164 verbose lock tar:///home/ragingwind/tmp/npm-22445-Zpysas4P/1432256190039-0.16668362659402192/package /home/ragingwind/.npm/5e74317c-0039-0-16668362659402192-package.lock
165 silly lockFile 290960a7-wind-npm-mocha-2-2-5-package-tgz tar:///home/ragingwind/.npm/mocha/2.2.5/package.tgz
166 verbose lock tar:///home/ragingwind/.npm/mocha/2.2.5/package.tgz /home/ragingwind/.npm/290960a7-wind-npm-mocha-2-2-5-package-tgz.lock
167 silly lockFile 5e74317c-0039-0-16668362659402192-package tar:///home/ragingwind/tmp/npm-22445-Zpysas4P/1432256190039-0.16668362659402192/package
168 silly lockFile 5e74317c-0039-0-16668362659402192-package tar:///home/ragingwind/tmp/npm-22445-Zpysas4P/1432256190039-0.16668362659402192/package
169 silly lockFile 290960a7-wind-npm-mocha-2-2-5-package-tgz tar:///home/ragingwind/.npm/mocha/2.2.5/package.tgz
170 silly lockFile 290960a7-wind-npm-mocha-2-2-5-package-tgz tar:///home/ragingwind/.npm/mocha/2.2.5/package.tgz
171 silly lockFile 6903ee53-gingwind-npm-mocha-2-2-5-package /home/ragingwind/.npm/mocha/2.2.5/package
172 verbose lock /home/ragingwind/.npm/mocha/2.2.5/package /home/ragingwind/.npm/6903ee53-gingwind-npm-mocha-2-2-5-package.lock
173 silly lockFile 6903ee53-gingwind-npm-mocha-2-2-5-package /home/ragingwind/.npm/mocha/2.2.5/package
174 silly lockFile 6903ee53-gingwind-npm-mocha-2-2-5-package /home/ragingwind/.npm/mocha/2.2.5/package
175 verbose tar unpack /home/ragingwind/.npm/mocha/2.2.5/package.tgz
176 silly lockFile 9393308d-gingwind-npm-mocha-2-2-5-package tar:///home/ragingwind/.npm/mocha/2.2.5/package
177 verbose lock tar:///home/ragingwind/.npm/mocha/2.2.5/package /home/ragingwind/.npm/9393308d-gingwind-npm-mocha-2-2-5-package.lock
178 silly lockFile 290960a7-wind-npm-mocha-2-2-5-package-tgz tar:///home/ragingwind/.npm/mocha/2.2.5/package.tgz
179 verbose lock tar:///home/ragingwind/.npm/mocha/2.2.5/package.tgz /home/ragingwind/.npm/290960a7-wind-npm-mocha-2-2-5-package-tgz.lock
180 silly gunzTarPerm modes [ '755', '644' ]
181 silly gunzTarPerm extractEntry package.json
182 silly gunzTarPerm extractEntry README.md
183 silly gunzTarPerm extractEntry LICENSE
184 silly gunzTarPerm extractEntry index.js
185 silly gunzTarPerm extractEntry mocha.js
186 silly gunzTarPerm extractEntry bin/options.js
187 silly gunzTarPerm extractEntry bin/_mocha
188 silly gunzTarPerm extractEntry bin/mocha
189 silly gunzTarPerm extractEntry images/error.png
190 silly gunzTarPerm extractEntry images/ok.png
191 silly gunzTarPerm extractEntry lib/utils.js
192 silly gunzTarPerm extractEntry lib/hook.js
193 silly gunzTarPerm extractEntry lib/mocha.js
194 silly gunzTarPerm extractEntry lib/ms.js
195 silly gunzTarPerm extractEntry lib/pending.js
196 silly gunzTarPerm extractEntry lib/context.js
197 silly gunzTarPerm extractEntry lib/runnable.js
198 silly gunzTarPerm extractEntry lib/runner.js
199 silly gunzTarPerm extractEntry lib/suite.js
200 silly gunzTarPerm extractEntry lib/test.js
201 silly gunzTarPerm extractEntry lib/browser/debug.js
202 silly gunzTarPerm extractEntry lib/browser/escape-string-regexp.js
203 silly gunzTarPerm extractEntry lib/browser/events.js
204 silly gunzTarPerm extractEntry lib/browser/fs.js
205 silly gunzTarPerm extractEntry lib/browser/glob.js
206 silly gunzTarPerm extractEntry lib/browser/path.js
207 silly gunzTarPerm extractEntry lib/browser/progress.js
208 silly gunzTarPerm extractEntry lib/browser/tty.js
209 silly gunzTarPerm extractEntry lib/template.html
210 silly gunzTarPerm extractEntry lib/interfaces/bdd.js
211 silly gunzTarPerm extractEntry lib/interfaces/common.js
212 silly gunzTarPerm extractEntry lib/interfaces/exports.js
213 silly gunzTarPerm extractEntry lib/interfaces/index.js
214 silly gunzTarPerm extractEntry lib/interfaces/qunit.js
215 silly gunzTarPerm extractEntry lib/interfaces/tdd.js
216 silly gunzTarPerm extractEntry lib/reporters/base.js
217 silly gunzTarPerm extractEntry lib/reporters/index.js
218 silly gunzTarPerm extractEntry lib/reporters/json-cov.js
219 silly gunzTarPerm extractEntry lib/reporters/json-stream.js
220 silly gunzTarPerm extractEntry lib/reporters/json.js
221 silly gunzTarPerm extractEntry lib/reporters/html.js
222 silly gunzTarPerm extractEntry lib/reporters/list.js
223 silly gunzTarPerm extractEntry lib/reporters/markdown.js
224 silly gunzTarPerm extractEntry lib/reporters/min.js
225 silly gunzTarPerm extractEntry lib/reporters/nyan.js
226 silly gunzTarPerm extractEntry lib/reporters/progress.js
227 silly gunzTarPerm extractEntry lib/reporters/html-cov.js
228 silly gunzTarPerm extractEntry lib/reporters/spec.js
229 silly gunzTarPerm extractEntry lib/reporters/dot.js
230 silly gunzTarPerm extractEntry lib/reporters/tap.js
231 silly gunzTarPerm extractEntry lib/reporters/doc.js
232 silly gunzTarPerm extractEntry lib/reporters/xunit.js
233 silly gunzTarPerm extractEntry lib/reporters/landing.js
234 silly gunzTarPerm extractEntry lib/reporters/templates/coverage.jade
235 silly gunzTarPerm extractEntry lib/reporters/templates/menu.jade
236 silly gunzTarPerm extractEntry lib/reporters/templates/script.html
237 silly gunzTarPerm extractEntry lib/reporters/templates/style.html
238 silly gunzTarPerm extractEntry mocha.css
239 silly lockFile 9393308d-gingwind-npm-mocha-2-2-5-package tar:///home/ragingwind/.npm/mocha/2.2.5/package
240 silly lockFile 9393308d-gingwind-npm-mocha-2-2-5-package tar:///home/ragingwind/.npm/mocha/2.2.5/package
241 silly lockFile 290960a7-wind-npm-mocha-2-2-5-package-tgz tar:///home/ragingwind/.npm/mocha/2.2.5/package.tgz
242 silly lockFile 290960a7-wind-npm-mocha-2-2-5-package-tgz tar:///home/ragingwind/.npm/mocha/2.2.5/package.tgz
243 verbose chmod /home/ragingwind/.npm/mocha/2.2.5/package.tgz 644
244 verbose chown /home/ragingwind/.npm/mocha/2.2.5/package.tgz [ 1000, 1000 ]
245 silly lockFile 0c535a9d--npmjs-org-mocha-mocha-2-2-5-tgz https://registry.npmjs.org/mocha/-/mocha-2.2.5.tgz
246 silly lockFile 0c535a9d--npmjs-org-mocha-mocha-2-2-5-tgz https://registry.npmjs.org/mocha/-/mocha-2.2.5.tgz
247 silly lockFile 7cbd0d39-mocha-2-2-5 mocha@2.2.5
248 silly lockFile 7cbd0d39-mocha-2-2-5 mocha@2.2.5
249 silly lockFile b9899f31-mocha mocha@
250 silly lockFile b9899f31-mocha mocha@
251 silly resolved [ { name: 'mocha',
251 silly resolved     version: '2.2.5',
251 silly resolved     description: 'simple, flexible, fun test framework',
251 silly resolved     keywords: [ 'mocha', 'test', 'bdd', 'tdd', 'tap' ],
251 silly resolved     author: { name: 'TJ Holowaychuk', email: 'tj@vision-media.ca' },
251 silly resolved     contributors:
251 silly resolved      [ [Object],
251 silly resolved        [Object],
251 silly resolved        [Object],
251 silly resolved        [Object],
251 silly resolved        [Object],
251 silly resolved        [Object],
251 silly resolved        [Object],
251 silly resolved        [Object] ],
251 silly resolved     license: 'MIT',
251 silly resolved     repository: { type: 'git', url: 'git://github.com/mochajs/mocha.git' },
251 silly resolved     maintainers: [ [Object], [Object], [Object] ],
251 silly resolved     main: './index',
251 silly resolved     browser: './mocha.js',
251 silly resolved     bin: { mocha: './bin/mocha', _mocha: './bin/_mocha' },
251 silly resolved     engines: { node: '>= 0.8.x' },
251 silly resolved     scripts: { test: 'make test-all' },
251 silly resolved     dependencies:
251 silly resolved      { commander: '2.3.0',
251 silly resolved        debug: '2.0.0',
251 silly resolved        diff: '1.4.0',
251 silly resolved        'escape-string-regexp': '1.0.2',
251 silly resolved        glob: '3.2.3',
251 silly resolved        growl: '1.8.1',
251 silly resolved        jade: '0.26.3',
251 silly resolved        mkdirp: '0.5.0',
251 silly resolved        'supports-color': '~1.2.0' },
251 silly resolved     devDependencies: { 'coffee-script': '~1.8.0', should: '~4.0.0' },
251 silly resolved     files:
251 silly resolved      [ 'bin',
251 silly resolved        'images',
251 silly resolved        'lib',
251 silly resolved        'index.js',
251 silly resolved        'mocha.css',
251 silly resolved        'mocha.js',
251 silly resolved        'LICENSE' ],
251 silly resolved     licenses: [ [Object] ],
251 silly resolved     readme: '[![Build Status](https://api.travis-ci.org/mochajs/mocha.svg?branch=master)](http://travis-ci.org/mochajs/mocha) [![Gitter](https://badges.gitter.im/Join%20Chat.svg)](https://gitter.im/mochajs/mocha?utm_source=badge&utm_medium=badge&utm_campaign=pr-badge&utm_content=badge)\n\n  [![Mocha test framework](http://f.cl.ly/items/3l1k0n2A1U3M1I1L210p/Screen%20Shot%202012-02-24%20at%202.21.43%20PM.png)](http://mochajs.org)\n\n  Mocha is a simple, flexible, fun JavaScript test framework for node.js and the browser. For more information view the [documentation](http://mochajs.org).\n\n## Links\n\n  - [Google Group](http://groups.google.com/group/mochajs)\n  - [Wiki](https://github.com/mochajs/mocha/wiki)\n  - Mocha [Extensions and reporters](https://github.com/mochajs/mocha/wiki)\n',
251 silly resolved     readmeFilename: 'README.md',
251 silly resolved     bugs: { url: 'https://github.com/mochajs/mocha/issues' },
251 silly resolved     _id: 'mocha@2.2.5',
251 silly resolved     dist: { shasum: '981f15343c93d25794ee5f6e2dbfa69e8f4b550e' },
251 silly resolved     _from: 'mocha@',
251 silly resolved     _resolved: 'https://registry.npmjs.org/mocha/-/mocha-2.2.5.tgz' } ]
252 info install mocha@2.2.5 into /usr/local/lib
253 info installOne mocha@2.2.5
254 info /usr/local/lib/node_modules/mocha unbuild
255 verbose tar unpack /home/ragingwind/.npm/mocha/2.2.5/package.tgz
256 silly lockFile 746f3f6f-usr-local-lib-node-modules-mocha tar:///usr/local/lib/node_modules/mocha
257 verbose lock tar:///usr/local/lib/node_modules/mocha /home/ragingwind/.npm/746f3f6f-usr-local-lib-node-modules-mocha.lock
258 silly lockFile 290960a7-wind-npm-mocha-2-2-5-package-tgz tar:///home/ragingwind/.npm/mocha/2.2.5/package.tgz
259 verbose lock tar:///home/ragingwind/.npm/mocha/2.2.5/package.tgz /home/ragingwind/.npm/290960a7-wind-npm-mocha-2-2-5-package-tgz.lock
260 silly gunzTarPerm modes [ '755', '644' ]
261 error Error: EACCES, mkdir '/usr/local/lib/node_modules'
261 error  { [Error: EACCES, mkdir '/usr/local/lib/node_modules']
261 error   errno: 3,
261 error   code: 'EACCES',
261 error   path: '/usr/local/lib/node_modules',
261 error   fstream_type: 'Directory',
261 error   fstream_path: '/usr/local/lib/node_modules/mocha',
261 error   fstream_class: 'DirWriter',
261 error   fstream_stack:
261 error    [ '/usr/lib/nodejs/fstream/lib/writer.js:171:23',
261 error      '/usr/lib/nodejs/mkdirp/index.js:37:53',
261 error      'Object.oncomplete (fs.js:107:15)' ] }
262 error Please try running this command again as root/Administrator.
263 error System Linux 3.8.11
264 error command "/usr/bin/nodejs" "/usr/bin/npm" "install" "-g" "mocha"
265 error cwd /home/ragingwind/Workspace/electron-watch
266 error node -v v0.10.25
267 error npm -v 1.3.10
268 error path /usr/local/lib/node_modules
269 error fstream_path /usr/local/lib/node_modules/mocha
270 error fstream_type Directory
271 error fstream_class DirWriter
272 error code EACCES
273 error errno 3
274 error stack Error: EACCES, mkdir '/usr/local/lib/node_modules'
275 error fstream_stack /usr/lib/nodejs/fstream/lib/writer.js:171:23
275 error fstream_stack /usr/lib/nodejs/mkdirp/index.js:37:53
275 error fstream_stack Object.oncomplete (fs.js:107:15)
276 verbose exit [ 3, true ]
